{
  "RSpec": {
    "coverage": {
      "/home/caleb/Projects/karma-map-rails/spec/features/add_account_pages_spec.rb": [
        1,
        null,
        1,
        1,
        1,
        1,
        1,
        1,
        1,
        1,
        null,
        null,
        1,
        1,
        1,
        1,
        1,
        1,
        null,
        null
      ],
      "/home/caleb/Projects/karma-map-rails/spec/rails_helper.rb": [
        null,
        1,
        1,
        null,
        1,
        1,
        1,
        1,
        1,
        null,
        1,
        null,
        1,
        null,
        1,
        1,
        null,
        1,
        null,
        null,
        1,
        1,
        null,
        null,
        1,
        25,
        25,
        null,
        null,
        null,
        1,
        null,
        1,
        null,
        1,
        null,
        1,
        25,
        null,
        null,
        null,
        1,
        1,
        1,
        1,
        null,
        null
      ],
      "/home/caleb/Projects/karma-map-rails/config/environment.rb": [
        null,
        1,
        null,
        null,
        1
      ],
      "/home/caleb/Projects/karma-map-rails/config/application.rb": [
        1,
        null,
        1,
        null,
        1,
        1,
        1,
        1,
        1,
        1,
        1,
        1,
        null,
        null,
        null,
        null,
        1,
        null,
        1,
        1,
        null,
        null,
        null,
        null,
        null
      ],
      "/home/caleb/Projects/karma-map-rails/config/boot.rb": [
        1,
        null,
        1
      ],
      "/home/caleb/Projects/karma-map-rails/config/spring.rb": [
        null,
        null,
        null,
        null,
        null,
        5
      ],
      "/home/caleb/Projects/karma-map-rails/config/environments/test.rb": [
        1,
        null,
        null,
        null,
        null,
        null,
        null,
        1,
        null,
        null,
        null,
        null,
        1,
        null,
        null,
        1,
        1,
        null,
        null,
        null,
        null,
        1,
        1,
        null,
        null,
        1,
        null,
        null,
        1,
        1,
        null,
        null,
        null,
        null,
        1,
        null,
        null,
        1,
        null,
        null,
        null,
        null
      ],
      "/home/caleb/Projects/karma-map-rails/config/initializers/application_controller_renderer.rb": [
        null,
        null,
        null,
        null,
        null,
        null
      ],
      "/home/caleb/Projects/karma-map-rails/config/initializers/assets.rb": [
        null,
        null,
        null,
        1,
        null,
        null,
        null,
        null,
        null,
        null,
        null
      ],
      "/home/caleb/Projects/karma-map-rails/config/initializers/backtrace_silencers.rb": [
        null,
        null,
        null,
        null,
        null,
        null,
        null
      ],
      "/home/caleb/Projects/karma-map-rails/config/initializers/cookies_serializer.rb": [
        null,
        null,
        null,
        null,
        1
      ],
      "/home/caleb/Projects/karma-map-rails/config/initializers/devise.rb": [
        null,
        null,
        1,
        null,
        null,
        null,
        null,
        null,
        null,
        null,
        null,
        null,
        null,
        null,
        1,
        null,
        null,
        null,
        null,
        null,
        null,
        null,
        null,
        null,
        null,
        null,
        1,
        null,
        null,
        null,
        null,
        null,
        null,
        null,
        null,
        null,
        null,
        null,
        null,
        null,
        null,
        null,
        null,
        null,
        null,
        null,
        null,
        null,
        1,
        null,
        null,
        null,
        null,
        1,
        null,
        null,
        null,
        null,
        null,
        null,
        null,
        null,
        null,
        null,
        null,
        null,
        null,
        null,
        null,
        null,
        null,
        null,
        null,
        null,
        null,
        null,
        null,
        null,
        null,
        null,
        null,
        null,
        null,
        null,
        1,
        null,
        null,
        null,
        null,
        null,
        null,
        null,
        null,
        null,
        null,
        null,
        null,
        null,
        null,
        null,
        null,
        null,
        null,
        null,
        null,
        null,
        null,
        1,
        null,
        null,
        null,
        null,
        null,
        null,
        null,
        null,
        null,
        null,
        null,
        null,
        null,
        null,
        null,
        null,
        null,
        null,
        null,
        null,
        null,
        null,
        null,
        null,
        null,
        null,
        null,
        1,
        null,
        null,
        null,
        null,
        null,
        null,
        null,
        null,
        null,
        1,
        null,
        null,
        null,
        null,
        null,
        null,
        null,
        null,
        null,
        null,
        1,
        null,
        null,
        null,
        null,
        1,
        null,
        null,
        null,
        null,
        null,
        null,
        null,
        null,
        null,
        null,
        null,
        null,
        null,
        null,
        null,
        null,
        null,
        null,
        null,
        null,
        null,
        null,
        null,
        null,
        null,
        null,
        null,
        null,
        null,
        null,
        null,
        null,
        null,
        null,
        null,
        null,
        null,
        null,
        null,
        null,
        1,
        null,
        null,
        null,
        null,
        null,
        null,
        null,
        null,
        null,
        null,
        null,
        null,
        null,
        null,
        null,
        null,
        null,
        null,
        null,
        null,
        null,
        null,
        null,
        null,
        null,
        null,
        null,
        null,
        null,
        null,
        null,
        null,
        null,
        null,
        null,
        null,
        null,
        null,
        null,
        null,
        null,
        1,
        null,
        null,
        null,
        null,
        null,
        null,
        null,
        null,
        null,
        null,
        null,
        null,
        null,
        null,
        null,
        null,
        null,
        null,
        null,
        null,
        null,
        null,
        null,
        null,
        null,
        null,
        null,
        null,
        null
      ],
      "/home/caleb/Projects/karma-map-rails/config/initializers/filter_parameter_logging.rb": [
        null,
        null,
        null,
        1
      ],
      "/home/caleb/Projects/karma-map-rails/config/initializers/inflections.rb": [
        null,
        null,
        null,
        null,
        null,
        null,
        null,
        null,
        null,
        null,
        null,
        null,
        null,
        null,
        null,
        null
      ],
      "/home/caleb/Projects/karma-map-rails/config/initializers/mime_types.rb": [
        null,
        null,
        null,
        null
      ],
      "/home/caleb/Projects/karma-map-rails/config/initializers/new_framework_defaults.rb": [
        null,
        null,
        null,
        null,
        null,
        null,
        null,
        1,
        null,
        null,
        1,
        null,
        null,
        null,
        1,
        null,
        null,
        1,
        null,
        null,
        1,
        null,
        null,
        1
      ],
      "/home/caleb/Projects/karma-map-rails/config/initializers/session_store.rb": [
        null,
        null,
        1
      ],
      "/home/caleb/Projects/karma-map-rails/config/initializers/wrap_parameters.rb": [
        null,
        null,
        null,
        null,
        null,
        null,
        1,
        2,
        null,
        null,
        null,
        null,
        null,
        null
      ],
      "/home/caleb/Projects/karma-map-rails/config/routes.rb": [
        1,
        1,
        1,
        1,
        1,
        1,
        1,
        null,
        null
      ],
      "/home/caleb/Projects/karma-map-rails/app/models/user.rb": [
        1,
        1,
        1,
        null,
        null,
        1,
        1,
        null,
        null
      ],
      "/home/caleb/Projects/karma-map-rails/app/models/application_record.rb": [
        1,
        1,
        null
      ],
      "/home/caleb/Projects/karma-map-rails/app/controllers/application_controller.rb": [
        1,
        1,
        null
      ],
      "/home/caleb/Projects/karma-map-rails/app/helpers/application_helper.rb": [
        1,
        null
      ],
      "/home/caleb/Projects/karma-map-rails/app/channels/application_cable/channel.rb": [
        1,
        1,
        null,
        null
      ],
      "/home/caleb/Projects/karma-map-rails/app/channels/application_cable/connection.rb": [
        1,
        1,
        null,
        null
      ],
      "/home/caleb/Projects/karma-map-rails/app/controllers/accounts_controller.rb": [
        1,
        1,
        3,
        3,
        null,
        null,
        1,
        2,
        2,
        null,
        null,
        1,
        2,
        2,
        2,
        2,
        1,
        null,
        1,
        null,
        null,
        null,
        1,
        2,
        2,
        null,
        null,
        1,
        2,
        2,
        2,
        1,
        null,
        1,
        null,
        null,
        null,
        1,
        1,
        4,
        null,
        null
      ],
      "/home/caleb/Projects/karma-map-rails/app/controllers/comments_controller.rb": [
        1,
        1,
        2,
        2,
        null,
        null,
        1,
        2,
        2,
        2,
        2,
        2,
        1,
        1,
        2,
        1,
        null,
        null,
        1,
        null,
        null,
        null,
        1,
        2,
        2,
        null,
        null,
        1,
        2,
        2,
        2,
        1,
        1,
        null,
        1,
        null,
        null,
        null,
        1,
        1,
        1,
        1,
        1,
        2,
        1,
        null,
        1,
        null,
        null,
        1,
        1,
        4,
        null,
        null
      ],
      "/home/caleb/Projects/karma-map-rails/app/controllers/deeds_controller.rb": [
        1,
        1,
        3,
        3,
        3,
        3,
        null,
        0,
        null,
        null,
        0,
        null,
        null,
        null,
        1,
        13,
        13,
        13,
        13,
        13,
        13,
        null,
        null,
        null,
        1,
        2,
        null,
        null,
        1,
        2,
        2,
        2,
        2,
        1,
        1,
        null,
        1,
        null,
        null,
        null,
        1,
        2,
        null,
        null,
        1,
        2,
        2,
        1,
        1,
        null,
        1,
        null,
        null,
        null,
        1,
        1,
        1,
        1,
        1,
        null,
        null,
        1,
        1,
        4,
        null,
        null
      ],
      "/home/caleb/Projects/karma-map-rails/app/jobs/application_job.rb": [
        1,
        null
      ],
      "/home/caleb/Projects/karma-map-rails/app/mailers/application_mailer.rb": [
        1,
        1,
        1,
        null
      ],
      "/home/caleb/Projects/karma-map-rails/app/models/account.rb": [
        1,
        1,
        1,
        1,
        null
      ],
      "/home/caleb/Projects/karma-map-rails/app/models/comment.rb": [
        1,
        1,
        1,
        null,
        1,
        null
      ],
      "/home/caleb/Projects/karma-map-rails/app/models/deed.rb": [
        1,
        1,
        1,
        1,
        1,
        1,
        null
      ],
      "/home/caleb/Projects/karma-map-rails/spec/factories.rb": [
        1,
        1,
        1,
        1,
        null,
        null,
        1,
        1,
        null,
        null,
        1,
        1,
        null,
        null
      ],
      "/home/caleb/Projects/karma-map-rails/spec/factories/users.rb": [
        1,
        1,
        1,
        1,
        null,
        null
      ],
      "/home/caleb/Projects/karma-map-rails/spec/features/add_comment_pages_spec.rb": [
        1,
        null,
        1,
        1,
        1,
        1,
        1,
        1,
        1,
        1,
        1,
        1,
        1,
        null,
        null,
        1,
        1,
        1,
        1,
        1,
        1,
        1,
        1,
        1,
        null,
        null
      ],
      "/home/caleb/Projects/karma-map-rails/spec/features/add_deed_pages_spec.rb": [
        1,
        null,
        1,
        1,
        1,
        1,
        1,
        1,
        1,
        1,
        1,
        1,
        null,
        null,
        1,
        1,
        1,
        1,
        1,
        1,
        1,
        null,
        null
      ],
      "/home/caleb/Projects/karma-map-rails/spec/features/delete_comment_pages_spec.rb": [
        1,
        null,
        1,
        1,
        1,
        1,
        1,
        1,
        1,
        1,
        1,
        1,
        null,
        null,
        null,
        null
      ],
      "/home/caleb/Projects/karma-map-rails/spec/features/delete_deed_pages_spec.rb": [
        1,
        null,
        1,
        1,
        1,
        1,
        1,
        1,
        1,
        1,
        1,
        null,
        null
      ],
      "/home/caleb/Projects/karma-map-rails/spec/features/edit_account_pages_spec.rb": [
        1,
        null,
        1,
        1,
        1,
        1,
        1,
        1,
        1,
        1,
        1,
        null,
        null,
        1,
        1,
        1,
        1,
        1,
        1,
        1,
        1,
        null,
        null
      ],
      "/home/caleb/Projects/karma-map-rails/spec/features/edit_comment_pages_spec.rb": [
        1,
        null,
        1,
        1,
        1,
        1,
        1,
        1,
        1,
        1,
        1,
        1,
        1,
        1,
        null,
        null,
        1,
        1,
        1,
        1,
        1,
        1,
        1,
        1,
        1,
        1,
        1,
        null,
        null
      ],
      "/home/caleb/Projects/karma-map-rails/spec/features/edit_deed_pages_spec.rb": [
        1,
        null,
        1,
        1,
        1,
        1,
        1,
        1,
        1,
        1,
        1,
        1,
        1,
        null,
        null,
        1,
        1,
        1,
        1,
        1,
        1,
        1,
        1,
        1,
        1,
        null,
        null
      ],
      "/home/caleb/Projects/karma-map-rails/spec/features/show_account_pages_spec.rb": [
        1,
        null,
        1,
        1,
        1,
        1,
        1,
        1,
        null,
        null
      ],
      "/home/caleb/Projects/karma-map-rails/spec/models/account_spec.rb": [
        1,
        null,
        1,
        2,
        2,
        2,
        null
      ],
      "/home/caleb/Projects/karma-map-rails/spec/models/comment_spec.rb": [
        1,
        null,
        1,
        2,
        2,
        2,
        null
      ],
      "/home/caleb/Projects/karma-map-rails/spec/models/deed_spec.rb": [
        1,
        null,
        1,
        2,
        2,
        null
      ],
      "/home/caleb/Projects/karma-map-rails/spec/models/user_spec.rb": [
        1,
        null,
        1,
        2,
        2,
        null
      ]
    },
    "timestamp": 1475610173
  }
}
